<?xml version="1.0" encoding="UTF-8"?><testsuites xmlns="http://www.w3.org/1999/xhtml" time="0.35"><testsuite name="Structural items are displayed on the my experiments page" tests="1" failures="1" errors="0" time="0.337" timestamp="2016-09-22T12:37:13.714Z" package="experiment-details.page"><testcase name="Selector is visible" classname="experiment-details.page" time="0.337"><failure type="assertVisible">no message left</failure></testcase><system-out></system-out></testsuite><testsuite name="Experiment summary box displays all items correctly" tests="1" failures="1" errors="0" time="0.002" timestamp="2016-09-22T12:37:13.715Z" package="experiment-details.page"><testcase name="Selector is visible" classname="experiment-details.page" time="0.002"><failure type="assertVisible">no message left</failure></testcase><system-out></system-out></testsuite><testsuite name="Experiment summary box description displays correctly" tests="1" failures="1" errors="0" time="0.002" timestamp="2016-09-22T12:37:13.715Z" package="experiment-details.page"><testcase name="Selector is visible" classname="experiment-details.page" time="0.002"><failure type="assertVisible">no message left</failure></testcase><system-out></system-out></testsuite><testsuite name="Vendor materials box description display correctly" tests="1" failures="1" errors="0" time="0.001" timestamp="2016-09-22T12:37:13.715Z" package="experiment-details.page"><testcase name="Selector is visible" classname="experiment-details.page" time="0.001"><failure type="assertVisible">no message left</failure></testcase><system-out></system-out></testsuite><testsuite name="Features table and columns display correctly" tests="1" failures="1" errors="0" time="0.002" timestamp="2016-09-22T12:37:13.715Z" package="experiment-details.page"><testcase name="Selector is visible" classname="experiment-details.page" time="0.002"><failure type="assertVisible">no message left</failure></testcase><system-out></system-out></testsuite><testsuite name="Orders table and columns do not display" tests="1" failures="1" errors="0" time="0.002" timestamp="2016-09-22T12:37:13.716Z" package="experiment-details.page"><testcase name="Selector is visible" classname="experiment-details.page" time="0.002"><failure type="assertVisible">no message left</failure></testcase><system-out></system-out></testsuite><testsuite name="Tooltips do not display until hovered upon" tests="1" failures="1" errors="0" time="0.001" timestamp="2016-09-22T12:37:13.716Z" package="experiment-details.page"><testcase name="Selector is visible" classname="experiment-details.page" time="0.001"><failure type="assertVisible">no message left</failure></testcase><system-out></system-out></testsuite><testsuite name="Description update when user clicks edit but not until then" tests="1" failures="1" errors="0" time="0.002" timestamp="2016-09-22T12:37:13.716Z" package="experiment-details.page"><testcase name="Selector is visible" classname="experiment-details.page" time="0.002"><failure type="assertVisible">no message left</failure></testcase><system-out></system-out></testsuite><testsuite name="Page interaction specifications" tests="1" failures="1" errors="0" time="0.001" timestamp="2016-09-22T12:37:13.716Z" package="experiment-details.page"><testcase name="Selector is visible" classname="experiment-details.page" time="0.001"><failure type="assertVisible">no message left</failure></testcase><system-out></system-out></testsuite></testsuites>